<?xml version="1.0" encoding="UTF-8"?>
<coverage generated="1725863966554" clover="3.2.0">
  <project timestamp="1725863966554" name="All files">
    <metrics statements="50" coveredstatements="41" conditionals="16" coveredconditionals="9" methods="11" coveredmethods="8" elements="77" coveredelements="58" complexity="0" loc="50" ncloc="50" packages="1" files="1" classes="1"/>
    <file name="index.ts" path="/Users/pengbo43/my_code/vite-plugin-envtype-patch/lib/index.ts">
      <metrics statements="50" coveredstatements="41" conditionals="16" coveredconditionals="9" methods="11" coveredmethods="8"/>
      <line num="1" count="3" type="stmt"/>
      <line num="2" count="3" type="stmt"/>
      <line num="3" count="3" type="stmt"/>
      <line num="17" count="31" type="stmt"/>
      <line num="18" count="3" type="stmt"/>
      <line num="28" count="3" type="stmt"/>
      <line num="33" count="3" type="stmt"/>
      <line num="35" count="3" type="stmt"/>
      <line num="40" count="3" type="stmt"/>
      <line num="41" count="3" type="stmt"/>
      <line num="45" count="20" type="stmt"/>
      <line num="46" count="20" type="cond" truecount="1" falsecount="0"/>
      <line num="47" count="20" type="cond" truecount="1" falsecount="0"/>
      <line num="48" count="16" type="stmt"/>
      <line num="50" count="20" type="stmt"/>
      <line num="54" count="192" type="stmt"/>
      <line num="55" count="192" type="stmt"/>
      <line num="59" count="17" type="stmt"/>
      <line num="60" count="17" type="stmt"/>
      <line num="63" count="31" type="cond" truecount="1" falsecount="0"/>
      <line num="64" count="31" type="stmt"/>
      <line num="65" count="31" type="stmt"/>
      <line num="66" count="31" type="cond" truecount="1" falsecount="0"/>
      <line num="67" count="16" type="stmt"/>
      <line num="71" count="16" type="stmt"/>
      <line num="74" count="15" type="stmt"/>
      <line num="76" count="15" type="cond" truecount="1" falsecount="0"/>
      <line num="77" count="1" type="stmt"/>
      <line num="80" count="1" type="stmt"/>
      <line num="83" count="14" type="cond" truecount="1" falsecount="0"/>
      <line num="84" count="1" type="stmt"/>
      <line num="86" count="1" type="stmt"/>
      <line num="87" count="4" type="stmt"/>
      <line num="90" count="1" type="stmt"/>
      <line num="93" count="1" type="stmt"/>
      <line num="96" count="13" type="cond" truecount="1" falsecount="0"/>
      <line num="97" count="13" type="stmt"/>
      <line num="99" count="13" type="stmt"/>
      <line num="100" count="17" type="stmt"/>
      <line num="105" count="13" type="stmt"/>
      <line num="112" count="3" type="stmt"/>
      <line num="113" count="0" type="cond" truecount="0" falsecount="4"/>
      <line num="114" count="0" type="stmt"/>
      <line num="116" count="0" type="stmt"/>
      <line num="120" count="0" type="stmt"/>
      <line num="121" count="0" type="stmt"/>
      <line num="122" count="0" type="stmt"/>
      <line num="125" count="0" type="stmt"/>
      <line num="128" count="0" type="cond" truecount="0" falsecount="1"/>
      <line num="129" count="0" type="stmt"/>
    </file>
  </project>
</coverage>
