{"/Users/pengbo43/my_code/vite-plugin-envtype-patch/lib/index.ts": {"path":"/Users/pengbo43/my_code/vite-plugin-envtype-patch/lib/index.ts","statementMap":{"0":{"start":{"line":1,"column":0},"end":{"line":1,"column":35}},"1":{"start":{"line":2,"column":0},"end":{"line":2,"column":32}},"2":{"start":{"line":3,"column":0},"end":{"line":3,"column":34}},"3":{"start":{"line":17,"column":17},"end":{"line":17,"column":66}},"4":{"start":{"line":17,"column":31},"end":{"line":17,"column":66}},"5":{"start":{"line":18,"column":45},"end":{"line":26,"column":null}},"6":{"start":{"line":28,"column":46},"end":{"line":31,"column":null}},"7":{"start":{"line":33,"column":20},"end":{"line":33,"column":25}},"8":{"start":{"line":40,"column":4},"end":{"line":40,"column":null}},"9":{"start":{"line":41,"column":4},"end":{"line":41,"column":null}},"10":{"start":{"line":45,"column":19},"end":{"line":45,"column":30}},"11":{"start":{"line":46,"column":28},"end":{"line":46,"column":40}},"12":{"start":{"line":47,"column":4},"end":{"line":49,"column":null}},"13":{"start":{"line":48,"column":6},"end":{"line":48,"column":null}},"14":{"start":{"line":50,"column":4},"end":{"line":50,"column":null}},"15":{"start":{"line":54,"column":4},"end":{"line":54,"column":34}},"16":{"start":{"line":55,"column":4},"end":{"line":55,"column":null}},"17":{"start":{"line":59,"column":4},"end":{"line":59,"column":null}},"18":{"start":{"line":60,"column":4},"end":{"line":60,"column":null}},"19":{"start":{"line":63,"column":33},"end":{"line":63,"column":45}},"20":{"start":{"line":64,"column":23},"end":{"line":64,"column":51}},"21":{"start":{"line":65,"column":26},"end":{"line":65,"column":50}},"22":{"start":{"line":66,"column":4},"end":{"line":72,"column":null}},"23":{"start":{"line":67,"column":6},"end":{"line":70,"column":null}},"24":{"start":{"line":71,"column":6},"end":{"line":71,"column":12}},"25":{"start":{"line":74,"column":26},"end":{"line":74,"column":51}},"26":{"start":{"line":76,"column":4},"end":{"line":81,"column":null}},"27":{"start":{"line":77,"column":6},"end":{"line":79,"column":null}},"28":{"start":{"line":80,"column":6},"end":{"line":80,"column":12}},"29":{"start":{"line":83,"column":4},"end":{"line":94,"column":null}},"30":{"start":{"line":84,"column":6},"end":{"line":85,"column":null}},"31":{"start":{"line":86,"column":6},"end":{"line":89,"column":null}},"32":{"start":{"line":87,"column":8},"end":{"line":88,"column":null}},"33":{"start":{"line":90,"column":6},"end":{"line":92,"column":null}},"34":{"start":{"line":93,"column":6},"end":{"line":93,"column":12}},"35":{"start":{"line":96,"column":4},"end":{"line":108,"column":null}},"36":{"start":{"line":97,"column":6},"end":{"line":98,"column":null}},"37":{"start":{"line":99,"column":6},"end":{"line":104,"column":null}},"38":{"start":{"line":100,"column":8},"end":{"line":103,"column":null}},"39":{"start":{"line":105,"column":6},"end":{"line":107,"column":null}},"40":{"start":{"line":35,"column":0},"end":{"line":35,"column":13}},"41":{"start":{"line":112,"column":28},"end":{"line":134,"column":1}},"42":{"start":{"line":113,"column":76},"end":{"line":113,"column":88}},"43":{"start":{"line":114,"column":21},"end":{"line":114,"column":42}},"44":{"start":{"line":116,"column":2},"end":{"line":133,"column":null}},"45":{"start":{"line":120,"column":22},"end":{"line":120,"column":36}},"46":{"start":{"line":121,"column":26},"end":{"line":121,"column":53}},"47":{"start":{"line":122,"column":6},"end":{"line":123,"column":null}},"48":{"start":{"line":125,"column":6},"end":{"line":131,"column":null}},"49":{"start":{"line":128,"column":8},"end":{"line":130,"column":null}},"50":{"start":{"line":129,"column":10},"end":{"line":129,"column":null}},"51":{"start":{"line":112,"column":13},"end":{"line":112,"column":28}}},"fnMap":{"0":{"name":"(anonymous_0)","decl":{"start":{"line":17,"column":17},"end":{"line":17,"column":18}},"loc":{"start":{"line":17,"column":31},"end":{"line":17,"column":66}}},"1":{"name":"(anonymous_1)","decl":{"start":{"line":39,"column":2},"end":{"line":39,"column":14}},"loc":{"start":{"line":39,"column":38},"end":{"line":42,"column":3}}},"2":{"name":"(anonymous_2)","decl":{"start":{"line":44,"column":2},"end":{"line":44,"column":10}},"loc":{"start":{"line":44,"column":10},"end":{"line":51,"column":3}}},"3":{"name":"(anonymous_3)","decl":{"start":{"line":53,"column":2},"end":{"line":53,"column":7}},"loc":{"start":{"line":53,"column":17},"end":{"line":56,"column":3}}},"4":{"name":"(anonymous_4)","decl":{"start":{"line":58,"column":2},"end":{"line":58,"column":7}},"loc":{"start":{"line":58,"column":7},"end":{"line":61,"column":3}}},"5":{"name":"(anonymous_5)","decl":{"start":{"line":62,"column":2},"end":{"line":62,"column":15}},"loc":{"start":{"line":62,"column":37},"end":{"line":109,"column":3}}},"6":{"name":"(anonymous_6)","decl":{"start":{"line":86,"column":20},"end":{"line":86,"column":21}},"loc":{"start":{"line":86,"column":31},"end":{"line":89,"column":7}}},"7":{"name":"(anonymous_7)","decl":{"start":{"line":99,"column":36},"end":{"line":99,"column":37}},"loc":{"start":{"line":99,"column":53},"end":{"line":104,"column":7}}},"8":{"name":"(anonymous_8)","decl":{"start":{"line":112,"column":28},"end":{"line":112,"column":29}},"loc":{"start":{"line":112,"column":70},"end":{"line":134,"column":1}}},"9":{"name":"(anonymous_9)","decl":{"start":{"line":119,"column":4},"end":{"line":119,"column":18}},"loc":{"start":{"line":119,"column":49},"end":{"line":132,"column":5}}},"10":{"name":"(anonymous_10)","decl":{"start":{"line":127,"column":9},"end":{"line":127,"column":10}},"loc":{"start":{"line":127,"column":19},"end":{"line":131,"column":7}}}},"branchMap":{"0":{"loc":{"start":{"line":39,"column":14},"end":{"line":39,"column":38}},"type":"default-arg","locations":[{"start":{"line":39,"column":36},"end":{"line":39,"column":38}}]},"1":{"loc":{"start":{"line":46,"column":12},"end":{"line":46,"column":23}},"type":"default-arg","locations":[{"start":{"line":46,"column":19},"end":{"line":46,"column":23}}]},"2":{"loc":{"start":{"line":47,"column":4},"end":{"line":49,"column":null}},"type":"if","locations":[{"start":{"line":47,"column":4},"end":{"line":49,"column":null}}]},"3":{"loc":{"start":{"line":62,"column":28},"end":{"line":62,"column":37}},"type":"default-arg","locations":[{"start":{"line":62,"column":36},"end":{"line":62,"column":37}}]},"4":{"loc":{"start":{"line":63,"column":12},"end":{"line":63,"column":28}},"type":"default-arg","locations":[{"start":{"line":63,"column":24},"end":{"line":63,"column":28}}]},"5":{"loc":{"start":{"line":66,"column":4},"end":{"line":72,"column":null}},"type":"if","locations":[{"start":{"line":66,"column":4},"end":{"line":72,"column":null}}]},"6":{"loc":{"start":{"line":68,"column":13},"end":{"line":68,"column":63}},"type":"cond-expr","locations":[{"start":{"line":68,"column":26},"end":{"line":68,"column":39}},{"start":{"line":68,"column":42},"end":{"line":68,"column":63}}]},"7":{"loc":{"start":{"line":76,"column":4},"end":{"line":81,"column":null}},"type":"if","locations":[{"start":{"line":76,"column":4},"end":{"line":81,"column":null}}]},"8":{"loc":{"start":{"line":83,"column":4},"end":{"line":94,"column":null}},"type":"if","locations":[{"start":{"line":83,"column":4},"end":{"line":94,"column":null}}]},"9":{"loc":{"start":{"line":96,"column":4},"end":{"line":108,"column":null}},"type":"if","locations":[{"start":{"line":96,"column":4},"end":{"line":108,"column":null}}]},"10":{"loc":{"start":{"line":113,"column":10},"end":{"line":113,"column":36}},"type":"default-arg","locations":[{"start":{"line":113,"column":21},"end":{"line":113,"column":36}}]},"11":{"loc":{"start":{"line":113,"column":38},"end":{"line":113,"column":59}},"type":"default-arg","locations":[{"start":{"line":113,"column":49},"end":{"line":113,"column":59}}]},"12":{"loc":{"start":{"line":113,"column":76},"end":{"line":113,"column":88}},"type":"binary-expr","locations":[{"start":{"line":113,"column":76},"end":{"line":113,"column":82}},{"start":{"line":113,"column":86},"end":{"line":113,"column":88}}]},"13":{"loc":{"start":{"line":128,"column":8},"end":{"line":130,"column":null}},"type":"if","locations":[{"start":{"line":128,"column":8},"end":{"line":130,"column":null}}]}},"s":{"0":3,"1":3,"2":3,"3":3,"4":31,"5":3,"6":3,"7":3,"8":3,"9":3,"10":20,"11":20,"12":20,"13":16,"14":20,"15":192,"16":192,"17":17,"18":17,"19":31,"20":31,"21":31,"22":31,"23":16,"24":16,"25":15,"26":15,"27":1,"28":1,"29":14,"30":1,"31":1,"32":4,"33":1,"34":1,"35":13,"36":13,"37":13,"38":17,"39":13,"40":3,"41":3,"42":0,"43":0,"44":0,"45":0,"46":0,"47":0,"48":0,"49":0,"50":0,"51":3},"f":{"0":31,"1":3,"2":20,"3":192,"4":17,"5":31,"6":4,"7":17,"8":0,"9":0,"10":0},"b":{"0":[0],"1":[16],"2":[16],"3":[10],"4":[31],"5":[16],"6":[16,0],"7":[1],"8":[1],"9":[13],"10":[0],"11":[0],"12":[0,0],"13":[0]}}
}
