TN:
SF:lib/index.ts
FN:17,(anonymous_0)
FN:39,(anonymous_1)
FN:44,(anonymous_2)
FN:53,(anonymous_3)
FN:58,(anonymous_4)
FN:62,(anonymous_5)
FN:86,(anonymous_6)
FN:99,(anonymous_7)
FN:112,(anonymous_8)
FN:119,(anonymous_9)
FN:127,(anonymous_10)
FNF:11
FNH:8
FNDA:31,(anonymous_0)
FNDA:3,(anonymous_1)
FNDA:20,(anonymous_2)
FNDA:192,(anonymous_3)
FNDA:17,(anonymous_4)
FNDA:31,(anonymous_5)
FNDA:4,(anonymous_6)
FNDA:17,(anonymous_7)
FNDA:0,(anonymous_8)
FNDA:0,(anonymous_9)
FNDA:0,(anonymous_10)
DA:1,3
DA:2,3
DA:3,3
DA:17,31
DA:18,3
DA:28,3
DA:33,3
DA:35,3
DA:40,3
DA:41,3
DA:45,20
DA:46,20
DA:47,20
DA:48,16
DA:50,20
DA:54,192
DA:55,192
DA:59,17
DA:60,17
DA:63,31
DA:64,31
DA:65,31
DA:66,31
DA:67,16
DA:71,16
DA:74,15
DA:76,15
DA:77,1
DA:80,1
DA:83,14
DA:84,1
DA:86,1
DA:87,4
DA:90,1
DA:93,1
DA:96,13
DA:97,13
DA:99,13
DA:100,17
DA:105,13
DA:112,3
DA:113,0
DA:114,0
DA:116,0
DA:120,0
DA:121,0
DA:122,0
DA:125,0
DA:128,0
DA:129,0
LF:50
LH:41
BRDA:39,0,0,0
BRDA:46,1,0,16
BRDA:47,2,0,16
BRDA:62,3,0,10
BRDA:63,4,0,31
BRDA:66,5,0,16
BRDA:68,6,0,16
BRDA:68,6,1,0
BRDA:76,7,0,1
BRDA:83,8,0,1
BRDA:96,9,0,13
BRDA:113,10,0,0
BRDA:113,11,0,0
BRDA:113,12,0,0
BRDA:113,12,1,0
BRDA:128,13,0,0
BRF:16
BRH:9
end_of_record
